<?xml version="1.0" encoding="UTF-8"?>
<robot generator="Robot 3.2.2 (Python 3.9.1 on win32)" generated="20210128 10:53:49.033" rpa="false">
<suite id="s1" name="Testcases" source="C:\Users\user\Desktop\table\TestCases\testcases.robot">
<test id="s1-t1" name="Browser should be able to open the URL">
<kw name="Open URL through browser" library="instructions">
<kw name="Open Browser" library="SeleniumLibrary">
<doc>Opens a new browser instance to the optional ``url``.</doc>
<arguments>
<arg>${url}</arg>
<arg>${brows}</arg>
</arguments>
<msg timestamp="20210128 10:53:49.359" level="INFO">Opening browser 'chrome' to base url 'https://testautomationpractice.blogspot.com/'.</msg>
<status status="PASS" starttime="20210128 10:53:49.358" endtime="20210128 10:53:59.449"></status>
</kw>
<kw name="Maximize Browser Window" library="SeleniumLibrary">
<doc>Maximizes current browser window.</doc>
<status status="PASS" starttime="20210128 10:53:59.449" endtime="20210128 10:54:01.589"></status>
</kw>
<kw name="Log To Console" library="BuiltIn">
<doc>Logs the given message to the console.</doc>
<arguments>
<arg>Opened URL</arg>
</arguments>
<status status="PASS" starttime="20210128 10:54:01.589" endtime="20210128 10:54:01.590"></status>
</kw>
<kw name="Get Element Count" library="SeleniumLibrary">
<doc>Returns the number of elements matching ``locator``.</doc>
<arguments>
<arg>xpath=//table[@name='BookTable']/tbody/tr</arg>
</arguments>
<assign>
<var>${table_count_row}</var>
</assign>
<msg timestamp="20210128 10:54:01.623" level="INFO">${table_count_row} = 7</msg>
<status status="PASS" starttime="20210128 10:54:01.590" endtime="20210128 10:54:01.623"></status>
</kw>
<kw name="Log To Console" library="BuiltIn">
<doc>Logs the given message to the console.</doc>
<arguments>
<arg>${table_count_row}</arg>
</arguments>
<status status="PASS" starttime="20210128 10:54:01.623" endtime="20210128 10:54:01.625"></status>
</kw>
<kw name="Get Element Count" library="SeleniumLibrary">
<doc>Returns the number of elements matching ``locator``.</doc>
<arguments>
<arg>xpath=//table[@name='BookTable']/tbody/tr[1]/th</arg>
</arguments>
<assign>
<var>${table_count_col}</var>
</assign>
<msg timestamp="20210128 10:54:01.655" level="INFO">${table_count_col} = 4</msg>
<status status="PASS" starttime="20210128 10:54:01.626" endtime="20210128 10:54:01.655"></status>
</kw>
<kw name="Log To Console" library="BuiltIn">
<doc>Logs the given message to the console.</doc>
<arguments>
<arg>${table_count_col}</arg>
</arguments>
<status status="PASS" starttime="20210128 10:54:01.655" endtime="20210128 10:54:01.656"></status>
</kw>
<kw name="${i} IN RANGE [ 2 | ${table_count_row}+1 ]" type="for">
<kw name="${i} = 2" type="foritem">
<kw name="for loop keywordss" library="instructions">
<arguments>
<arg>${i}</arg>
</arguments>
<assign>
<var>${abc}</var>
</assign>
<kw name="Get Element Count" library="SeleniumLibrary">
<doc>Returns the number of elements matching ``locator``.</doc>
<arguments>
<arg>xpath=//table[@name='BookTable']/tbody/tr[1]/th</arg>
</arguments>
<assign>
<var>${table_count_col}</var>
</assign>
<msg timestamp="20210128 10:54:01.669" level="INFO">${table_count_col} = 4</msg>
<status status="PASS" starttime="20210128 10:54:01.658" endtime="20210128 10:54:01.669"></status>
</kw>
<kw name="${j} IN RANGE [ 1 | ${table_count_col}+1 ]" type="for">
<kw name="${j} = 1" type="foritem">
<kw name="Get Text" library="SeleniumLibrary">
<doc>Returns the text value of the element identified by ``locator``.</doc>
<arguments>
<arg>xpath=//table[@name='BookTable']/tbody/tr[${ivalue}]/td[${j}]</arg>
</arguments>
<assign>
<var>${colo}</var>
</assign>
<msg timestamp="20210128 10:54:01.723" level="INFO">${colo} = Learn Selenium</msg>
<status status="PASS" starttime="20210128 10:54:01.669" endtime="20210128 10:54:01.723"></status>
</kw>
<kw name="Run Keyword If" library="BuiltIn">
<doc>Runs the given keyword with the given arguments, if ``condition`` is true.</doc>
<arguments>
<arg>"${colo}" == "${Expected_category}"</arg>
<arg>Log to Console</arg>
<arg>${colo}</arg>
</arguments>
<status status="PASS" starttime="20210128 10:54:01.723" endtime="20210128 10:54:01.723"></status>
</kw>
<kw name="Set Variable" library="BuiltIn">
<doc>Returns the given values which can then be assigned to a variables.</doc>
<arguments>
<arg>${true}</arg>
</arguments>
<assign>
<var>${index}</var>
</assign>
<msg timestamp="20210128 10:54:01.723" level="INFO">${index} = True</msg>
<status status="PASS" starttime="20210128 10:54:01.723" endtime="20210128 10:54:01.723"></status>
</kw>
<kw name="Return From Keyword If" library="BuiltIn">
<doc>Returns from the enclosing user keyword if ``condition`` is true.</doc>
<arguments>
<arg>'${colo}' == '${Expected_category}'</arg>
<arg>${index}</arg>
</arguments>
<status status="PASS" starttime="20210128 10:54:01.723" endtime="20210128 10:54:01.723"></status>
</kw>
<status status="PASS" starttime="20210128 10:54:01.669" endtime="20210128 10:54:01.723"></status>
</kw>
<kw name="${j} = 2" type="foritem">
<kw name="Get Text" library="SeleniumLibrary">
<doc>Returns the text value of the element identified by ``locator``.</doc>
<arguments>
<arg>xpath=//table[@name='BookTable']/tbody/tr[${ivalue}]/td[${j}]</arg>
</arguments>
<assign>
<var>${colo}</var>
</assign>
<msg timestamp="20210128 10:54:01.751" level="INFO">${colo} = Amit</msg>
<status status="PASS" starttime="20210128 10:54:01.723" endtime="20210128 10:54:01.751"></status>
</kw>
<kw name="Run Keyword If" library="BuiltIn">
<doc>Runs the given keyword with the given arguments, if ``condition`` is true.</doc>
<arguments>
<arg>"${colo}" == "${Expected_category}"</arg>
<arg>Log to Console</arg>
<arg>${colo}</arg>
</arguments>
<status status="PASS" starttime="20210128 10:54:01.751" endtime="20210128 10:54:01.752"></status>
</kw>
<kw name="Set Variable" library="BuiltIn">
<doc>Returns the given values which can then be assigned to a variables.</doc>
<arguments>
<arg>${true}</arg>
</arguments>
<assign>
<var>${index}</var>
</assign>
<msg timestamp="20210128 10:54:01.752" level="INFO">${index} = True</msg>
<status status="PASS" starttime="20210128 10:54:01.752" endtime="20210128 10:54:01.752"></status>
</kw>
<kw name="Return From Keyword If" library="BuiltIn">
<doc>Returns from the enclosing user keyword if ``condition`` is true.</doc>
<arguments>
<arg>'${colo}' == '${Expected_category}'</arg>
<arg>${index}</arg>
</arguments>
<status status="PASS" starttime="20210128 10:54:01.752" endtime="20210128 10:54:01.753"></status>
</kw>
<status status="PASS" starttime="20210128 10:54:01.723" endtime="20210128 10:54:01.753"></status>
</kw>
<kw name="${j} = 3" type="foritem">
<kw name="Get Text" library="SeleniumLibrary">
<doc>Returns the text value of the element identified by ``locator``.</doc>
<arguments>
<arg>xpath=//table[@name='BookTable']/tbody/tr[${ivalue}]/td[${j}]</arg>
</arguments>
<assign>
<var>${colo}</var>
</assign>
<msg timestamp="20210128 10:54:01.779" level="INFO">${colo} = Selenium</msg>
<status status="PASS" starttime="20210128 10:54:01.753" endtime="20210128 10:54:01.779"></status>
</kw>
<kw name="Run Keyword If" library="BuiltIn">
<doc>Runs the given keyword with the given arguments, if ``condition`` is true.</doc>
<arguments>
<arg>"${colo}" == "${Expected_category}"</arg>
<arg>Log to Console</arg>
<arg>${colo}</arg>
</arguments>
<status status="PASS" starttime="20210128 10:54:01.779" endtime="20210128 10:54:01.779"></status>
</kw>
<kw name="Set Variable" library="BuiltIn">
<doc>Returns the given values which can then be assigned to a variables.</doc>
<arguments>
<arg>${true}</arg>
</arguments>
<assign>
<var>${index}</var>
</assign>
<msg timestamp="20210128 10:54:01.779" level="INFO">${index} = True</msg>
<status status="PASS" starttime="20210128 10:54:01.779" endtime="20210128 10:54:01.779"></status>
</kw>
<kw name="Return From Keyword If" library="BuiltIn">
<doc>Returns from the enclosing user keyword if ``condition`` is true.</doc>
<arguments>
<arg>'${colo}' == '${Expected_category}'</arg>
<arg>${index}</arg>
</arguments>
<status status="PASS" starttime="20210128 10:54:01.779" endtime="20210128 10:54:01.779"></status>
</kw>
<status status="PASS" starttime="20210128 10:54:01.753" endtime="20210128 10:54:01.779"></status>
</kw>
<kw name="${j} = 4" type="foritem">
<kw name="Get Text" library="SeleniumLibrary">
<doc>Returns the text value of the element identified by ``locator``.</doc>
<arguments>
<arg>xpath=//table[@name='BookTable']/tbody/tr[${ivalue}]/td[${j}]</arg>
</arguments>
<assign>
<var>${colo}</var>
</assign>
<msg timestamp="20210128 10:54:01.806" level="INFO">${colo} = 300</msg>
<status status="PASS" starttime="20210128 10:54:01.779" endtime="20210128 10:54:01.806"></status>
</kw>
<kw name="Run Keyword If" library="BuiltIn">
<doc>Runs the given keyword with the given arguments, if ``condition`` is true.</doc>
<arguments>
<arg>"${colo}" == "${Expected_category}"</arg>
<arg>Log to Console</arg>
<arg>${colo}</arg>
</arguments>
<status status="PASS" starttime="20210128 10:54:01.807" endtime="20210128 10:54:01.807"></status>
</kw>
<kw name="Set Variable" library="BuiltIn">
<doc>Returns the given values which can then be assigned to a variables.</doc>
<arguments>
<arg>${true}</arg>
</arguments>
<assign>
<var>${index}</var>
</assign>
<msg timestamp="20210128 10:54:01.807" level="INFO">${index} = True</msg>
<status status="PASS" starttime="20210128 10:54:01.807" endtime="20210128 10:54:01.807"></status>
</kw>
<kw name="Return From Keyword If" library="BuiltIn">
<doc>Returns from the enclosing user keyword if ``condition`` is true.</doc>
<arguments>
<arg>'${colo}' == '${Expected_category}'</arg>
<arg>${index}</arg>
</arguments>
<status status="PASS" starttime="20210128 10:54:01.807" endtime="20210128 10:54:01.807"></status>
</kw>
<status status="PASS" starttime="20210128 10:54:01.779" endtime="20210128 10:54:01.807"></status>
</kw>
<status status="PASS" starttime="20210128 10:54:01.669" endtime="20210128 10:54:01.807"></status>
</kw>
<msg timestamp="20210128 10:54:01.807" level="INFO">${abc} = None</msg>
<status status="PASS" starttime="20210128 10:54:01.656" endtime="20210128 10:54:01.807"></status>
</kw>
<kw name="Exit For Loop If" library="BuiltIn">
<doc>Stops executing the enclosing for loop if the ``condition`` is true.</doc>
<arguments>
<arg>${abc}</arg>
</arguments>
<status status="PASS" starttime="20210128 10:54:01.807" endtime="20210128 10:54:01.807"></status>
</kw>
<status status="PASS" starttime="20210128 10:54:01.656" endtime="20210128 10:54:01.807"></status>
</kw>
<kw name="${i} = 3" type="foritem">
<kw name="for loop keywordss" library="instructions">
<arguments>
<arg>${i}</arg>
</arguments>
<assign>
<var>${abc}</var>
</assign>
<kw name="Get Element Count" library="SeleniumLibrary">
<doc>Returns the number of elements matching ``locator``.</doc>
<arguments>
<arg>xpath=//table[@name='BookTable']/tbody/tr[1]/th</arg>
</arguments>
<assign>
<var>${table_count_col}</var>
</assign>
<msg timestamp="20210128 10:54:01.817" level="INFO">${table_count_col} = 4</msg>
<status status="PASS" starttime="20210128 10:54:01.807" endtime="20210128 10:54:01.817"></status>
</kw>
<kw name="${j} IN RANGE [ 1 | ${table_count_col}+1 ]" type="for">
<kw name="${j} = 1" type="foritem">
<kw name="Get Text" library="SeleniumLibrary">
<doc>Returns the text value of the element identified by ``locator``.</doc>
<arguments>
<arg>xpath=//table[@name='BookTable']/tbody/tr[${ivalue}]/td[${j}]</arg>
</arguments>
<assign>
<var>${colo}</var>
</assign>
<msg timestamp="20210128 10:54:01.841" level="INFO">${colo} = Learn Java</msg>
<status status="PASS" starttime="20210128 10:54:01.818" endtime="20210128 10:54:01.842"></status>
</kw>
<kw name="Run Keyword If" library="BuiltIn">
<doc>Runs the given keyword with the given arguments, if ``condition`` is true.</doc>
<arguments>
<arg>"${colo}" == "${Expected_category}"</arg>
<arg>Log to Console</arg>
<arg>${colo}</arg>
</arguments>
<status status="PASS" starttime="20210128 10:54:01.842" endtime="20210128 10:54:01.842"></status>
</kw>
<kw name="Set Variable" library="BuiltIn">
<doc>Returns the given values which can then be assigned to a variables.</doc>
<arguments>
<arg>${true}</arg>
</arguments>
<assign>
<var>${index}</var>
</assign>
<msg timestamp="20210128 10:54:01.842" level="INFO">${index} = True</msg>
<status status="PASS" starttime="20210128 10:54:01.842" endtime="20210128 10:54:01.842"></status>
</kw>
<kw name="Return From Keyword If" library="BuiltIn">
<doc>Returns from the enclosing user keyword if ``condition`` is true.</doc>
<arguments>
<arg>'${colo}' == '${Expected_category}'</arg>
<arg>${index}</arg>
</arguments>
<status status="PASS" starttime="20210128 10:54:01.842" endtime="20210128 10:54:01.843"></status>
</kw>
<status status="PASS" starttime="20210128 10:54:01.818" endtime="20210128 10:54:01.843"></status>
</kw>
<kw name="${j} = 2" type="foritem">
<kw name="Get Text" library="SeleniumLibrary">
<doc>Returns the text value of the element identified by ``locator``.</doc>
<arguments>
<arg>xpath=//table[@name='BookTable']/tbody/tr[${ivalue}]/td[${j}]</arg>
</arguments>
<assign>
<var>${colo}</var>
</assign>
<msg timestamp="20210128 10:54:01.869" level="INFO">${colo} = Mukesh</msg>
<status status="PASS" starttime="20210128 10:54:01.843" endtime="20210128 10:54:01.869"></status>
</kw>
<kw name="Run Keyword If" library="BuiltIn">
<doc>Runs the given keyword with the given arguments, if ``condition`` is true.</doc>
<arguments>
<arg>"${colo}" == "${Expected_category}"</arg>
<arg>Log to Console</arg>
<arg>${colo}</arg>
</arguments>
<status status="PASS" starttime="20210128 10:54:01.869" endtime="20210128 10:54:01.870"></status>
</kw>
<kw name="Set Variable" library="BuiltIn">
<doc>Returns the given values which can then be assigned to a variables.</doc>
<arguments>
<arg>${true}</arg>
</arguments>
<assign>
<var>${index}</var>
</assign>
<msg timestamp="20210128 10:54:01.870" level="INFO">${index} = True</msg>
<status status="PASS" starttime="20210128 10:54:01.870" endtime="20210128 10:54:01.870"></status>
</kw>
<kw name="Return From Keyword If" library="BuiltIn">
<doc>Returns from the enclosing user keyword if ``condition`` is true.</doc>
<arguments>
<arg>'${colo}' == '${Expected_category}'</arg>
<arg>${index}</arg>
</arguments>
<status status="PASS" starttime="20210128 10:54:01.870" endtime="20210128 10:54:01.870"></status>
</kw>
<status status="PASS" starttime="20210128 10:54:01.843" endtime="20210128 10:54:01.870"></status>
</kw>
<kw name="${j} = 3" type="foritem">
<kw name="Get Text" library="SeleniumLibrary">
<doc>Returns the text value of the element identified by ``locator``.</doc>
<arguments>
<arg>xpath=//table[@name='BookTable']/tbody/tr[${ivalue}]/td[${j}]</arg>
</arguments>
<assign>
<var>${colo}</var>
</assign>
<msg timestamp="20210128 10:54:01.907" level="INFO">${colo} = Java</msg>
<status status="PASS" starttime="20210128 10:54:01.871" endtime="20210128 10:54:01.907"></status>
</kw>
<kw name="Run Keyword If" library="BuiltIn">
<doc>Runs the given keyword with the given arguments, if ``condition`` is true.</doc>
<arguments>
<arg>"${colo}" == "${Expected_category}"</arg>
<arg>Log to Console</arg>
<arg>${colo}</arg>
</arguments>
<status status="PASS" starttime="20210128 10:54:01.908" endtime="20210128 10:54:01.908"></status>
</kw>
<kw name="Set Variable" library="BuiltIn">
<doc>Returns the given values which can then be assigned to a variables.</doc>
<arguments>
<arg>${true}</arg>
</arguments>
<assign>
<var>${index}</var>
</assign>
<msg timestamp="20210128 10:54:01.909" level="INFO">${index} = True</msg>
<status status="PASS" starttime="20210128 10:54:01.909" endtime="20210128 10:54:01.909"></status>
</kw>
<kw name="Return From Keyword If" library="BuiltIn">
<doc>Returns from the enclosing user keyword if ``condition`` is true.</doc>
<arguments>
<arg>'${colo}' == '${Expected_category}'</arg>
<arg>${index}</arg>
</arguments>
<status status="PASS" starttime="20210128 10:54:01.909" endtime="20210128 10:54:01.909"></status>
</kw>
<status status="PASS" starttime="20210128 10:54:01.871" endtime="20210128 10:54:01.910"></status>
</kw>
<kw name="${j} = 4" type="foritem">
<kw name="Get Text" library="SeleniumLibrary">
<doc>Returns the text value of the element identified by ``locator``.</doc>
<arguments>
<arg>xpath=//table[@name='BookTable']/tbody/tr[${ivalue}]/td[${j}]</arg>
</arguments>
<assign>
<var>${colo}</var>
</assign>
<msg timestamp="20210128 10:54:01.947" level="INFO">${colo} = 500</msg>
<status status="PASS" starttime="20210128 10:54:01.910" endtime="20210128 10:54:01.947"></status>
</kw>
<kw name="Run Keyword If" library="BuiltIn">
<doc>Runs the given keyword with the given arguments, if ``condition`` is true.</doc>
<arguments>
<arg>"${colo}" == "${Expected_category}"</arg>
<arg>Log to Console</arg>
<arg>${colo}</arg>
</arguments>
<status status="PASS" starttime="20210128 10:54:01.948" endtime="20210128 10:54:01.948"></status>
</kw>
<kw name="Set Variable" library="BuiltIn">
<doc>Returns the given values which can then be assigned to a variables.</doc>
<arguments>
<arg>${true}</arg>
</arguments>
<assign>
<var>${index}</var>
</assign>
<msg timestamp="20210128 10:54:01.949" level="INFO">${index} = True</msg>
<status status="PASS" starttime="20210128 10:54:01.948" endtime="20210128 10:54:01.949"></status>
</kw>
<kw name="Return From Keyword If" library="BuiltIn">
<doc>Returns from the enclosing user keyword if ``condition`` is true.</doc>
<arguments>
<arg>'${colo}' == '${Expected_category}'</arg>
<arg>${index}</arg>
</arguments>
<status status="PASS" starttime="20210128 10:54:01.949" endtime="20210128 10:54:01.949"></status>
</kw>
<status status="PASS" starttime="20210128 10:54:01.910" endtime="20210128 10:54:01.949"></status>
</kw>
<status status="PASS" starttime="20210128 10:54:01.817" endtime="20210128 10:54:01.949"></status>
</kw>
<msg timestamp="20210128 10:54:01.949" level="INFO">${abc} = None</msg>
<status status="PASS" starttime="20210128 10:54:01.807" endtime="20210128 10:54:01.949"></status>
</kw>
<kw name="Exit For Loop If" library="BuiltIn">
<doc>Stops executing the enclosing for loop if the ``condition`` is true.</doc>
<arguments>
<arg>${abc}</arg>
</arguments>
<status status="PASS" starttime="20210128 10:54:01.949" endtime="20210128 10:54:01.951"></status>
</kw>
<status status="PASS" starttime="20210128 10:54:01.807" endtime="20210128 10:54:01.951"></status>
</kw>
<kw name="${i} = 4" type="foritem">
<kw name="for loop keywordss" library="instructions">
<arguments>
<arg>${i}</arg>
</arguments>
<assign>
<var>${abc}</var>
</assign>
<kw name="Get Element Count" library="SeleniumLibrary">
<doc>Returns the number of elements matching ``locator``.</doc>
<arguments>
<arg>xpath=//table[@name='BookTable']/tbody/tr[1]/th</arg>
</arguments>
<assign>
<var>${table_count_col}</var>
</assign>
<msg timestamp="20210128 10:54:01.963" level="INFO">${table_count_col} = 4</msg>
<status status="PASS" starttime="20210128 10:54:01.952" endtime="20210128 10:54:01.963"></status>
</kw>
<kw name="${j} IN RANGE [ 1 | ${table_count_col}+1 ]" type="for">
<kw name="${j} = 1" type="foritem">
<kw name="Get Text" library="SeleniumLibrary">
<doc>Returns the text value of the element identified by ``locator``.</doc>
<arguments>
<arg>xpath=//table[@name='BookTable']/tbody/tr[${ivalue}]/td[${j}]</arg>
</arguments>
<assign>
<var>${colo}</var>
</assign>
<msg timestamp="20210128 10:54:02.009" level="INFO">${colo} = Learn JS</msg>
<status status="PASS" starttime="20210128 10:54:01.963" endtime="20210128 10:54:02.009"></status>
</kw>
<kw name="Run Keyword If" library="BuiltIn">
<doc>Runs the given keyword with the given arguments, if ``condition`` is true.</doc>
<arguments>
<arg>"${colo}" == "${Expected_category}"</arg>
<arg>Log to Console</arg>
<arg>${colo}</arg>
</arguments>
<status status="PASS" starttime="20210128 10:54:02.009" endtime="20210128 10:54:02.009"></status>
</kw>
<kw name="Set Variable" library="BuiltIn">
<doc>Returns the given values which can then be assigned to a variables.</doc>
<arguments>
<arg>${true}</arg>
</arguments>
<assign>
<var>${index}</var>
</assign>
<msg timestamp="20210128 10:54:02.009" level="INFO">${index} = True</msg>
<status status="PASS" starttime="20210128 10:54:02.009" endtime="20210128 10:54:02.009"></status>
</kw>
<kw name="Return From Keyword If" library="BuiltIn">
<doc>Returns from the enclosing user keyword if ``condition`` is true.</doc>
<arguments>
<arg>'${colo}' == '${Expected_category}'</arg>
<arg>${index}</arg>
</arguments>
<status status="PASS" starttime="20210128 10:54:02.009" endtime="20210128 10:54:02.009"></status>
</kw>
<status status="PASS" starttime="20210128 10:54:01.963" endtime="20210128 10:54:02.009"></status>
</kw>
<kw name="${j} = 2" type="foritem">
<kw name="Get Text" library="SeleniumLibrary">
<doc>Returns the text value of the element identified by ``locator``.</doc>
<arguments>
<arg>xpath=//table[@name='BookTable']/tbody/tr[${ivalue}]/td[${j}]</arg>
</arguments>
<assign>
<var>${colo}</var>
</assign>
<msg timestamp="20210128 10:54:02.042" level="INFO">${colo} = Animesh</msg>
<status status="PASS" starttime="20210128 10:54:02.009" endtime="20210128 10:54:02.042"></status>
</kw>
<kw name="Run Keyword If" library="BuiltIn">
<doc>Runs the given keyword with the given arguments, if ``condition`` is true.</doc>
<arguments>
<arg>"${colo}" == "${Expected_category}"</arg>
<arg>Log to Console</arg>
<arg>${colo}</arg>
</arguments>
<status status="PASS" starttime="20210128 10:54:02.042" endtime="20210128 10:54:02.043"></status>
</kw>
<kw name="Set Variable" library="BuiltIn">
<doc>Returns the given values which can then be assigned to a variables.</doc>
<arguments>
<arg>${true}</arg>
</arguments>
<assign>
<var>${index}</var>
</assign>
<msg timestamp="20210128 10:54:02.043" level="INFO">${index} = True</msg>
<status status="PASS" starttime="20210128 10:54:02.043" endtime="20210128 10:54:02.043"></status>
</kw>
<kw name="Return From Keyword If" library="BuiltIn">
<doc>Returns from the enclosing user keyword if ``condition`` is true.</doc>
<arguments>
<arg>'${colo}' == '${Expected_category}'</arg>
<arg>${index}</arg>
</arguments>
<status status="PASS" starttime="20210128 10:54:02.043" endtime="20210128 10:54:02.043"></status>
</kw>
<status status="PASS" starttime="20210128 10:54:02.009" endtime="20210128 10:54:02.043"></status>
</kw>
<kw name="${j} = 3" type="foritem">
<kw name="Get Text" library="SeleniumLibrary">
<doc>Returns the text value of the element identified by ``locator``.</doc>
<arguments>
<arg>xpath=//table[@name='BookTable']/tbody/tr[${ivalue}]/td[${j}]</arg>
</arguments>
<assign>
<var>${colo}</var>
</assign>
<msg timestamp="20210128 10:54:02.071" level="INFO">${colo} = Javascript</msg>
<status status="PASS" starttime="20210128 10:54:02.043" endtime="20210128 10:54:02.071"></status>
</kw>
<kw name="Run Keyword If" library="BuiltIn">
<doc>Runs the given keyword with the given arguments, if ``condition`` is true.</doc>
<arguments>
<arg>"${colo}" == "${Expected_category}"</arg>
<arg>Log to Console</arg>
<arg>${colo}</arg>
</arguments>
<status status="PASS" starttime="20210128 10:54:02.071" endtime="20210128 10:54:02.071"></status>
</kw>
<kw name="Set Variable" library="BuiltIn">
<doc>Returns the given values which can then be assigned to a variables.</doc>
<arguments>
<arg>${true}</arg>
</arguments>
<assign>
<var>${index}</var>
</assign>
<msg timestamp="20210128 10:54:02.072" level="INFO">${index} = True</msg>
<status status="PASS" starttime="20210128 10:54:02.072" endtime="20210128 10:54:02.072"></status>
</kw>
<kw name="Return From Keyword If" library="BuiltIn">
<doc>Returns from the enclosing user keyword if ``condition`` is true.</doc>
<arguments>
<arg>'${colo}' == '${Expected_category}'</arg>
<arg>${index}</arg>
</arguments>
<status status="PASS" starttime="20210128 10:54:02.072" endtime="20210128 10:54:02.072"></status>
</kw>
<status status="PASS" starttime="20210128 10:54:02.043" endtime="20210128 10:54:02.073"></status>
</kw>
<kw name="${j} = 4" type="foritem">
<kw name="Get Text" library="SeleniumLibrary">
<doc>Returns the text value of the element identified by ``locator``.</doc>
<arguments>
<arg>xpath=//table[@name='BookTable']/tbody/tr[${ivalue}]/td[${j}]</arg>
</arguments>
<assign>
<var>${colo}</var>
</assign>
<msg timestamp="20210128 10:54:02.104" level="INFO">${colo} = 300</msg>
<status status="PASS" starttime="20210128 10:54:02.073" endtime="20210128 10:54:02.104"></status>
</kw>
<kw name="Run Keyword If" library="BuiltIn">
<doc>Runs the given keyword with the given arguments, if ``condition`` is true.</doc>
<arguments>
<arg>"${colo}" == "${Expected_category}"</arg>
<arg>Log to Console</arg>
<arg>${colo}</arg>
</arguments>
<status status="PASS" starttime="20210128 10:54:02.104" endtime="20210128 10:54:02.104"></status>
</kw>
<kw name="Set Variable" library="BuiltIn">
<doc>Returns the given values which can then be assigned to a variables.</doc>
<arguments>
<arg>${true}</arg>
</arguments>
<assign>
<var>${index}</var>
</assign>
<msg timestamp="20210128 10:54:02.105" level="INFO">${index} = True</msg>
<status status="PASS" starttime="20210128 10:54:02.104" endtime="20210128 10:54:02.105"></status>
</kw>
<kw name="Return From Keyword If" library="BuiltIn">
<doc>Returns from the enclosing user keyword if ``condition`` is true.</doc>
<arguments>
<arg>'${colo}' == '${Expected_category}'</arg>
<arg>${index}</arg>
</arguments>
<status status="PASS" starttime="20210128 10:54:02.105" endtime="20210128 10:54:02.105"></status>
</kw>
<status status="PASS" starttime="20210128 10:54:02.073" endtime="20210128 10:54:02.105"></status>
</kw>
<status status="PASS" starttime="20210128 10:54:01.963" endtime="20210128 10:54:02.105"></status>
</kw>
<msg timestamp="20210128 10:54:02.105" level="INFO">${abc} = None</msg>
<status status="PASS" starttime="20210128 10:54:01.951" endtime="20210128 10:54:02.105"></status>
</kw>
<kw name="Exit For Loop If" library="BuiltIn">
<doc>Stops executing the enclosing for loop if the ``condition`` is true.</doc>
<arguments>
<arg>${abc}</arg>
</arguments>
<status status="PASS" starttime="20210128 10:54:02.105" endtime="20210128 10:54:02.105"></status>
</kw>
<status status="PASS" starttime="20210128 10:54:01.951" endtime="20210128 10:54:02.105"></status>
</kw>
<kw name="${i} = 5" type="foritem">
<kw name="for loop keywordss" library="instructions">
<arguments>
<arg>${i}</arg>
</arguments>
<assign>
<var>${abc}</var>
</assign>
<kw name="Get Element Count" library="SeleniumLibrary">
<doc>Returns the number of elements matching ``locator``.</doc>
<arguments>
<arg>xpath=//table[@name='BookTable']/tbody/tr[1]/th</arg>
</arguments>
<assign>
<var>${table_count_col}</var>
</assign>
<msg timestamp="20210128 10:54:02.113" level="INFO">${table_count_col} = 4</msg>
<status status="PASS" starttime="20210128 10:54:02.106" endtime="20210128 10:54:02.113"></status>
</kw>
<kw name="${j} IN RANGE [ 1 | ${table_count_col}+1 ]" type="for">
<kw name="${j} = 1" type="foritem">
<kw name="Get Text" library="SeleniumLibrary">
<doc>Returns the text value of the element identified by ``locator``.</doc>
<arguments>
<arg>xpath=//table[@name='BookTable']/tbody/tr[${ivalue}]/td[${j}]</arg>
</arguments>
<assign>
<var>${colo}</var>
</assign>
<msg timestamp="20210128 10:54:02.142" level="INFO">${colo} = Master In Selenium</msg>
<status status="PASS" starttime="20210128 10:54:02.114" endtime="20210128 10:54:02.142"></status>
</kw>
<kw name="Run Keyword If" library="BuiltIn">
<doc>Runs the given keyword with the given arguments, if ``condition`` is true.</doc>
<arguments>
<arg>"${colo}" == "${Expected_category}"</arg>
<arg>Log to Console</arg>
<arg>${colo}</arg>
</arguments>
<status status="PASS" starttime="20210128 10:54:02.143" endtime="20210128 10:54:02.143"></status>
</kw>
<kw name="Set Variable" library="BuiltIn">
<doc>Returns the given values which can then be assigned to a variables.</doc>
<arguments>
<arg>${true}</arg>
</arguments>
<assign>
<var>${index}</var>
</assign>
<msg timestamp="20210128 10:54:02.144" level="INFO">${index} = True</msg>
<status status="PASS" starttime="20210128 10:54:02.143" endtime="20210128 10:54:02.144"></status>
</kw>
<kw name="Return From Keyword If" library="BuiltIn">
<doc>Returns from the enclosing user keyword if ``condition`` is true.</doc>
<arguments>
<arg>'${colo}' == '${Expected_category}'</arg>
<arg>${index}</arg>
</arguments>
<status status="PASS" starttime="20210128 10:54:02.144" endtime="20210128 10:54:02.144"></status>
</kw>
<status status="PASS" starttime="20210128 10:54:02.114" endtime="20210128 10:54:02.144"></status>
</kw>
<kw name="${j} = 2" type="foritem">
<kw name="Get Text" library="SeleniumLibrary">
<doc>Returns the text value of the element identified by ``locator``.</doc>
<arguments>
<arg>xpath=//table[@name='BookTable']/tbody/tr[${ivalue}]/td[${j}]</arg>
</arguments>
<assign>
<var>${colo}</var>
</assign>
<msg timestamp="20210128 10:54:02.168" level="INFO">${colo} = Mukesh</msg>
<status status="PASS" starttime="20210128 10:54:02.144" endtime="20210128 10:54:02.168"></status>
</kw>
<kw name="Run Keyword If" library="BuiltIn">
<doc>Runs the given keyword with the given arguments, if ``condition`` is true.</doc>
<arguments>
<arg>"${colo}" == "${Expected_category}"</arg>
<arg>Log to Console</arg>
<arg>${colo}</arg>
</arguments>
<status status="PASS" starttime="20210128 10:54:02.169" endtime="20210128 10:54:02.169"></status>
</kw>
<kw name="Set Variable" library="BuiltIn">
<doc>Returns the given values which can then be assigned to a variables.</doc>
<arguments>
<arg>${true}</arg>
</arguments>
<assign>
<var>${index}</var>
</assign>
<msg timestamp="20210128 10:54:02.169" level="INFO">${index} = True</msg>
<status status="PASS" starttime="20210128 10:54:02.169" endtime="20210128 10:54:02.169"></status>
</kw>
<kw name="Return From Keyword If" library="BuiltIn">
<doc>Returns from the enclosing user keyword if ``condition`` is true.</doc>
<arguments>
<arg>'${colo}' == '${Expected_category}'</arg>
<arg>${index}</arg>
</arguments>
<status status="PASS" starttime="20210128 10:54:02.170" endtime="20210128 10:54:02.170"></status>
</kw>
<status status="PASS" starttime="20210128 10:54:02.144" endtime="20210128 10:54:02.170"></status>
</kw>
<kw name="${j} = 3" type="foritem">
<kw name="Get Text" library="SeleniumLibrary">
<doc>Returns the text value of the element identified by ``locator``.</doc>
<arguments>
<arg>xpath=//table[@name='BookTable']/tbody/tr[${ivalue}]/td[${j}]</arg>
</arguments>
<assign>
<var>${colo}</var>
</assign>
<msg timestamp="20210128 10:54:02.198" level="INFO">${colo} = Selenium</msg>
<status status="PASS" starttime="20210128 10:54:02.170" endtime="20210128 10:54:02.198"></status>
</kw>
<kw name="Run Keyword If" library="BuiltIn">
<doc>Runs the given keyword with the given arguments, if ``condition`` is true.</doc>
<arguments>
<arg>"${colo}" == "${Expected_category}"</arg>
<arg>Log to Console</arg>
<arg>${colo}</arg>
</arguments>
<status status="PASS" starttime="20210128 10:54:02.198" endtime="20210128 10:54:02.199"></status>
</kw>
<kw name="Set Variable" library="BuiltIn">
<doc>Returns the given values which can then be assigned to a variables.</doc>
<arguments>
<arg>${true}</arg>
</arguments>
<assign>
<var>${index}</var>
</assign>
<msg timestamp="20210128 10:54:02.200" level="INFO">${index} = True</msg>
<status status="PASS" starttime="20210128 10:54:02.200" endtime="20210128 10:54:02.200"></status>
</kw>
<kw name="Return From Keyword If" library="BuiltIn">
<doc>Returns from the enclosing user keyword if ``condition`` is true.</doc>
<arguments>
<arg>'${colo}' == '${Expected_category}'</arg>
<arg>${index}</arg>
</arguments>
<status status="PASS" starttime="20210128 10:54:02.200" endtime="20210128 10:54:02.200"></status>
</kw>
<status status="PASS" starttime="20210128 10:54:02.170" endtime="20210128 10:54:02.200"></status>
</kw>
<kw name="${j} = 4" type="foritem">
<kw name="Get Text" library="SeleniumLibrary">
<doc>Returns the text value of the element identified by ``locator``.</doc>
<arguments>
<arg>xpath=//table[@name='BookTable']/tbody/tr[${ivalue}]/td[${j}]</arg>
</arguments>
<assign>
<var>${colo}</var>
</assign>
<msg timestamp="20210128 10:54:02.225" level="INFO">${colo} = 3000</msg>
<status status="PASS" starttime="20210128 10:54:02.200" endtime="20210128 10:54:02.225"></status>
</kw>
<kw name="Run Keyword If" library="BuiltIn">
<doc>Runs the given keyword with the given arguments, if ``condition`` is true.</doc>
<arguments>
<arg>"${colo}" == "${Expected_category}"</arg>
<arg>Log to Console</arg>
<arg>${colo}</arg>
</arguments>
<status status="PASS" starttime="20210128 10:54:02.225" endtime="20210128 10:54:02.226"></status>
</kw>
<kw name="Set Variable" library="BuiltIn">
<doc>Returns the given values which can then be assigned to a variables.</doc>
<arguments>
<arg>${true}</arg>
</arguments>
<assign>
<var>${index}</var>
</assign>
<msg timestamp="20210128 10:54:02.226" level="INFO">${index} = True</msg>
<status status="PASS" starttime="20210128 10:54:02.226" endtime="20210128 10:54:02.226"></status>
</kw>
<kw name="Return From Keyword If" library="BuiltIn">
<doc>Returns from the enclosing user keyword if ``condition`` is true.</doc>
<arguments>
<arg>'${colo}' == '${Expected_category}'</arg>
<arg>${index}</arg>
</arguments>
<status status="PASS" starttime="20210128 10:54:02.226" endtime="20210128 10:54:02.226"></status>
</kw>
<status status="PASS" starttime="20210128 10:54:02.200" endtime="20210128 10:54:02.226"></status>
</kw>
<status status="PASS" starttime="20210128 10:54:02.113" endtime="20210128 10:54:02.226"></status>
</kw>
<msg timestamp="20210128 10:54:02.226" level="INFO">${abc} = None</msg>
<status status="PASS" starttime="20210128 10:54:02.106" endtime="20210128 10:54:02.226"></status>
</kw>
<kw name="Exit For Loop If" library="BuiltIn">
<doc>Stops executing the enclosing for loop if the ``condition`` is true.</doc>
<arguments>
<arg>${abc}</arg>
</arguments>
<status status="PASS" starttime="20210128 10:54:02.226" endtime="20210128 10:54:02.226"></status>
</kw>
<status status="PASS" starttime="20210128 10:54:02.106" endtime="20210128 10:54:02.226"></status>
</kw>
<kw name="${i} = 6" type="foritem">
<kw name="for loop keywordss" library="instructions">
<arguments>
<arg>${i}</arg>
</arguments>
<assign>
<var>${abc}</var>
</assign>
<kw name="Get Element Count" library="SeleniumLibrary">
<doc>Returns the number of elements matching ``locator``.</doc>
<arguments>
<arg>xpath=//table[@name='BookTable']/tbody/tr[1]/th</arg>
</arguments>
<assign>
<var>${table_count_col}</var>
</assign>
<msg timestamp="20210128 10:54:02.239" level="INFO">${table_count_col} = 4</msg>
<status status="PASS" starttime="20210128 10:54:02.226" endtime="20210128 10:54:02.239"></status>
</kw>
<kw name="${j} IN RANGE [ 1 | ${table_count_col}+1 ]" type="for">
<kw name="${j} = 1" type="foritem">
<kw name="Get Text" library="SeleniumLibrary">
<doc>Returns the text value of the element identified by ``locator``.</doc>
<arguments>
<arg>xpath=//table[@name='BookTable']/tbody/tr[${ivalue}]/td[${j}]</arg>
</arguments>
<assign>
<var>${colo}</var>
</assign>
<msg timestamp="20210128 10:54:02.270" level="INFO">${colo} = Master In Java</msg>
<status status="PASS" starttime="20210128 10:54:02.240" endtime="20210128 10:54:02.270"></status>
</kw>
<kw name="Run Keyword If" library="BuiltIn">
<doc>Runs the given keyword with the given arguments, if ``condition`` is true.</doc>
<arguments>
<arg>"${colo}" == "${Expected_category}"</arg>
<arg>Log to Console</arg>
<arg>${colo}</arg>
</arguments>
<status status="PASS" starttime="20210128 10:54:02.270" endtime="20210128 10:54:02.270"></status>
</kw>
<kw name="Set Variable" library="BuiltIn">
<doc>Returns the given values which can then be assigned to a variables.</doc>
<arguments>
<arg>${true}</arg>
</arguments>
<assign>
<var>${index}</var>
</assign>
<msg timestamp="20210128 10:54:02.271" level="INFO">${index} = True</msg>
<status status="PASS" starttime="20210128 10:54:02.271" endtime="20210128 10:54:02.271"></status>
</kw>
<kw name="Return From Keyword If" library="BuiltIn">
<doc>Returns from the enclosing user keyword if ``condition`` is true.</doc>
<arguments>
<arg>'${colo}' == '${Expected_category}'</arg>
<arg>${index}</arg>
</arguments>
<status status="PASS" starttime="20210128 10:54:02.271" endtime="20210128 10:54:02.271"></status>
</kw>
<status status="PASS" starttime="20210128 10:54:02.240" endtime="20210128 10:54:02.271"></status>
</kw>
<kw name="${j} = 2" type="foritem">
<kw name="Get Text" library="SeleniumLibrary">
<doc>Returns the text value of the element identified by ``locator``.</doc>
<arguments>
<arg>xpath=//table[@name='BookTable']/tbody/tr[${ivalue}]/td[${j}]</arg>
</arguments>
<assign>
<var>${colo}</var>
</assign>
<msg timestamp="20210128 10:54:02.299" level="INFO">${colo} = Amod</msg>
<status status="PASS" starttime="20210128 10:54:02.272" endtime="20210128 10:54:02.299"></status>
</kw>
<kw name="Run Keyword If" library="BuiltIn">
<doc>Runs the given keyword with the given arguments, if ``condition`` is true.</doc>
<arguments>
<arg>"${colo}" == "${Expected_category}"</arg>
<arg>Log to Console</arg>
<arg>${colo}</arg>
</arguments>
<kw name="Log To Console" library="BuiltIn">
<doc>Logs the given message to the console.</doc>
<arguments>
<arg>${colo}</arg>
</arguments>
<status status="PASS" starttime="20210128 10:54:02.300" endtime="20210128 10:54:02.300"></status>
</kw>
<status status="PASS" starttime="20210128 10:54:02.299" endtime="20210128 10:54:02.300"></status>
</kw>
<kw name="Set Variable" library="BuiltIn">
<doc>Returns the given values which can then be assigned to a variables.</doc>
<arguments>
<arg>${true}</arg>
</arguments>
<assign>
<var>${index}</var>
</assign>
<msg timestamp="20210128 10:54:02.301" level="INFO">${index} = True</msg>
<status status="PASS" starttime="20210128 10:54:02.300" endtime="20210128 10:54:02.301"></status>
</kw>
<kw name="Return From Keyword If" library="BuiltIn">
<doc>Returns from the enclosing user keyword if ``condition`` is true.</doc>
<arguments>
<arg>'${colo}' == '${Expected_category}'</arg>
<arg>${index}</arg>
</arguments>
<msg timestamp="20210128 10:54:02.302" level="INFO">Returning from the enclosing user keyword.</msg>
<status status="PASS" starttime="20210128 10:54:02.302" endtime="20210128 10:54:02.303"></status>
</kw>
<status status="PASS" starttime="20210128 10:54:02.272" endtime="20210128 10:54:02.303"></status>
</kw>
<status status="PASS" starttime="20210128 10:54:02.239" endtime="20210128 10:54:02.303"></status>
</kw>
<msg timestamp="20210128 10:54:02.304" level="INFO">${abc} = True</msg>
<status status="PASS" starttime="20210128 10:54:02.226" endtime="20210128 10:54:02.304"></status>
</kw>
<kw name="Exit For Loop If" library="BuiltIn">
<doc>Stops executing the enclosing for loop if the ``condition`` is true.</doc>
<arguments>
<arg>${abc}</arg>
</arguments>
<msg timestamp="20210128 10:54:02.305" level="INFO">Exiting for loop altogether.</msg>
<status status="PASS" starttime="20210128 10:54:02.304" endtime="20210128 10:54:02.306"></status>
</kw>
<status status="PASS" starttime="20210128 10:54:02.226" endtime="20210128 10:54:02.306"></status>
</kw>
<status status="PASS" starttime="20210128 10:54:01.656" endtime="20210128 10:54:02.306"></status>
</kw>
<status status="PASS" starttime="20210128 10:53:49.358" endtime="20210128 10:54:02.306"></status>
</kw>
<status status="PASS" starttime="20210128 10:53:49.356" endtime="20210128 10:54:02.307" critical="yes"></status>
</test>
<status status="PASS" starttime="20210128 10:53:49.036" endtime="20210128 10:54:02.309"></status>
</suite>
<statistics>
<total>
<stat pass="1" fail="0">Critical Tests</stat>
<stat pass="1" fail="0">All Tests</stat>
</total>
<tag>
</tag>
<suite>
<stat pass="1" fail="0" id="s1" name="Testcases">Testcases</stat>
</suite>
</statistics>
<errors>
</errors>
</robot>
